Crashlog created at 2012-08-18 01:01:32 +0100

=== MESSAGE:

Errno::ENOENT: No such file or directory - /shared/geoffreylitt/content/normalize.css

=== COMPILATION STACK:

  (empty)

=== BACKTRACE:

  0. /home/gklitt/.rvm/gems/ruby-1.9.3-p194@geoffreylitt/gems/fssm-0.2.9/lib/fssm/tree.rb:131:in `ftype'
  1. /home/gklitt/.rvm/gems/ruby-1.9.3-p194@geoffreylitt/gems/fssm-0.2.9/lib/fssm/tree.rb:131:in `ftype'
  2. /home/gklitt/.rvm/gems/ruby-1.9.3-p194@geoffreylitt/gems/fssm-0.2.9/lib/fssm/tree.rb:131:in `from_path'
  3. /home/gklitt/.rvm/gems/ruby-1.9.3-p194@geoffreylitt/gems/fssm-0.2.9/lib/fssm/tree.rb:68:in `set'
  4. /home/gklitt/.rvm/gems/ruby-1.9.3-p194@geoffreylitt/gems/fssm-0.2.9/lib/fssm/tree.rb:149:in `set'
  5. /home/gklitt/.rvm/gems/ruby-1.9.3-p194@geoffreylitt/gems/fssm-0.2.9/lib/fssm/state/directory.rb:59:in `block in add_glob'
  6. /home/gklitt/.rvm/gems/ruby-1.9.3-p194@geoffreylitt/gems/fssm-0.2.9/lib/fssm/state/directory.rb:58:in `each'
  7. /home/gklitt/.rvm/gems/ruby-1.9.3-p194@geoffreylitt/gems/fssm-0.2.9/lib/fssm/state/directory.rb:58:in `add_glob'
  8. /home/gklitt/.rvm/gems/ruby-1.9.3-p194@geoffreylitt/gems/fssm-0.2.9/lib/fssm/state/directory.rb:54:in `block in snapshot'
  9. /home/gklitt/.rvm/gems/ruby-1.9.3-p194@geoffreylitt/gems/fssm-0.2.9/lib/fssm/state/directory.rb:54:in `each'
  10. /home/gklitt/.rvm/gems/ruby-1.9.3-p194@geoffreylitt/gems/fssm-0.2.9/lib/fssm/state/directory.rb:54:in `snapshot'
  11. /home/gklitt/.rvm/gems/ruby-1.9.3-p194@geoffreylitt/gems/fssm-0.2.9/lib/fssm/state/directory.rb:46:in `recache'
  12. /home/gklitt/.rvm/gems/ruby-1.9.3-p194@geoffreylitt/gems/fssm-0.2.9/lib/fssm/state/directory.rb:13:in `refresh'
  13. /home/gklitt/.rvm/gems/ruby-1.9.3-p194@geoffreylitt/gems/fssm-0.2.9/lib/fssm/backends/polling.rb:17:in `block (2 levels) in run'
  14. /home/gklitt/.rvm/gems/ruby-1.9.3-p194@geoffreylitt/gems/fssm-0.2.9/lib/fssm/backends/polling.rb:17:in `each'
  15. /home/gklitt/.rvm/gems/ruby-1.9.3-p194@geoffreylitt/gems/fssm-0.2.9/lib/fssm/backends/polling.rb:17:in `block in run'
  16. /home/gklitt/.rvm/gems/ruby-1.9.3-p194@geoffreylitt/gems/fssm-0.2.9/lib/fssm/backends/polling.rb:15:in `loop'
  17. /home/gklitt/.rvm/gems/ruby-1.9.3-p194@geoffreylitt/gems/fssm-0.2.9/lib/fssm/backends/polling.rb:15:in `run'
  18. /home/gklitt/.rvm/gems/ruby-1.9.3-p194@geoffreylitt/gems/fssm-0.2.9/lib/fssm/monitor.rb:26:in `run'
  19. /home/gklitt/.rvm/gems/ruby-1.9.3-p194@geoffreylitt/gems/nanoc-3.4.0/lib/nanoc/cli/commands/watch.rb:83:in `run'
  20. /home/gklitt/.rvm/gems/ruby-1.9.3-p194@geoffreylitt/gems/nanoc-3.4.0/lib/nanoc/cli/command_runner.rb:14:in `block in call'
  21. /home/gklitt/.rvm/gems/ruby-1.9.3-p194@geoffreylitt/gems/nanoc-3.4.0/lib/nanoc/cli/error_handler.rb:63:in `handle_while'
  22. /home/gklitt/.rvm/gems/ruby-1.9.3-p194@geoffreylitt/gems/nanoc-3.4.0/lib/nanoc/cli/error_handler.rb:26:in `handle_while'
  23. /home/gklitt/.rvm/gems/ruby-1.9.3-p194@geoffreylitt/gems/nanoc-3.4.0/lib/nanoc/cli/command_runner.rb:13:in `call'
  24. /home/gklitt/.rvm/gems/ruby-1.9.3-p194@geoffreylitt/gems/cri-2.3.0/lib/cri/command_dsl.rb:185:in `block in runner'
  25. /home/gklitt/.rvm/gems/ruby-1.9.3-p194@geoffreylitt/gems/cri-2.3.0/lib/cri/command.rb:296:in `call'
  26. /home/gklitt/.rvm/gems/ruby-1.9.3-p194@geoffreylitt/gems/cri-2.3.0/lib/cri/command.rb:296:in `run_this'
  27. /home/gklitt/.rvm/gems/ruby-1.9.3-p194@geoffreylitt/gems/cri-2.3.0/lib/cri/command.rb:249:in `run'
  28. /home/gklitt/.rvm/gems/ruby-1.9.3-p194@geoffreylitt/gems/cri-2.3.0/lib/cri/command.rb:262:in `run'
  29. /home/gklitt/.rvm/gems/ruby-1.9.3-p194@geoffreylitt/gems/nanoc-3.4.0/lib/nanoc/cli.rb:47:in `block in run'
  30. /home/gklitt/.rvm/gems/ruby-1.9.3-p194@geoffreylitt/gems/nanoc-3.4.0/lib/nanoc/cli/error_handler.rb:63:in `handle_while'
  31. /home/gklitt/.rvm/gems/ruby-1.9.3-p194@geoffreylitt/gems/nanoc-3.4.0/lib/nanoc/cli/error_handler.rb:26:in `handle_while'
  32. /home/gklitt/.rvm/gems/ruby-1.9.3-p194@geoffreylitt/gems/nanoc-3.4.0/lib/nanoc/cli.rb:44:in `run'
  33. /home/gklitt/.rvm/gems/ruby-1.9.3-p194@geoffreylitt/gems/nanoc-3.4.0/bin/nanoc:19:in `<top (required)>'
  34. /home/gklitt/.rvm/gems/ruby-1.9.3-p194@geoffreylitt/bin/nanoc:19:in `load'
  35. /home/gklitt/.rvm/gems/ruby-1.9.3-p194@geoffreylitt/bin/nanoc:19:in `<main>'
  36. /home/gklitt/.rvm/gems/ruby-1.9.3-p194@geoffreylitt/bin/ruby_noexec_wrapper:14:in `eval'
  37. /home/gklitt/.rvm/gems/ruby-1.9.3-p194@geoffreylitt/bin/ruby_noexec_wrapper:14:in `<main>'

=== VERSION INFORMATION:

nanoc 3.4.0 © 2007-2012 Denis Defreyne.
Running ruby 1.9.3 (2012-04-20) on i686-linux with RubyGems 1.8.24.

=== INSTALLED GEMS:

  adsf 1.1.1
  bundler 1.1.4
  colored 1.2
  cri 2.3.0
  fssm 0.2.9
  kramdown 0.13.7
  mime-types 1.19
  nanoc 3.4.0
  rack 1.4.1
  rake 0.9.2.2
  rubygems-bundler 1.0.3
  rvm 1.11.3.5
  sass 3.2.1

=== ENVIRONMENT:

BYOBU_ACCENT => "#75507B"
BYOBU_BACKEND => "tmux"
BYOBU_CONFIG_DIR => "/home/gklitt/.byobu"
BYOBU_DARK => "black"
BYOBU_HIGHLIGHT => "#DD4814"
BYOBU_LIGHT => "white"
BYOBU_PAGER => "sensible-pager"
BYOBU_PREFIX => "/usr"
BYOBU_READLINK => "readlink"
BYOBU_RUN_DIR => "/dev/shm/byobu-gklitt-rNLlxqpK"
BYOBU_SED => "sed"
COMP_WORDBREAKS => " \t\n\"'><;|&(:"
GEM_HOME => "/home/gklitt/.rvm/gems/ruby-1.9.3-p194@geoffreylitt"
GEM_PATH => "/home/gklitt/.rvm/gems/ruby-1.9.3-p194@geoffreylitt:/home/gklitt/.rvm/gems/ruby-1.9.3-p194@global"
HOME => "/home/gklitt"
IRBRC => "/home/gklitt/.rvm/rubies/ruby-1.9.3-p194/.irbrc"
LANG => "en_US.UTF-8"
LESSCLOSE => "/usr/bin/lesspipe %s %s"
LESSOPEN => "| /usr/bin/lesspipe %s"
LOGNAME => "gklitt"
LS_COLORS => "rs=0:di=01;34:ln=01;36:mh=00:pi=40;33:so=01;35:do=01;35:bd=40;33;01:cd=40;33;01:or=40;31;01:su=37;41:sg=30;43:ca=30;41:tw=30;42:ow=34;42:st=37;44:ex=01;32:*.tar=01;31:*.tgz=01;31:*.arj=01;31:*.taz=01;31:*.lzh=01;31:*.lzma=01;31:*.tlz=01;31:*.txz=01;31:*.zip=01;31:*.z=01;31:*.Z=01;31:*.dz=01;31:*.gz=01;31:*.lz=01;31:*.xz=01;31:*.bz2=01;31:*.bz=01;31:*.tbz=01;31:*.tbz2=01;31:*.tz=01;31:*.deb=01;31:*.rpm=01;31:*.jar=01;31:*.war=01;31:*.ear=01;31:*.sar=01;31:*.rar=01;31:*.ace=01;31:*.zoo=01;31:*.cpio=01;31:*.7z=01;31:*.rz=01;31:*.jpg=01;35:*.jpeg=01;35:*.gif=01;35:*.bmp=01;35:*.pbm=01;35:*.pgm=01;35:*.ppm=01;35:*.tga=01;35:*.xbm=01;35:*.xpm=01;35:*.tif=01;35:*.tiff=01;35:*.png=01;35:*.svg=01;35:*.svgz=01;35:*.mng=01;35:*.pcx=01;35:*.mov=01;35:*.mpg=01;35:*.mpeg=01;35:*.m2v=01;35:*.mkv=01;35:*.webm=01;35:*.ogm=01;35:*.mp4=01;35:*.m4v=01;35:*.mp4v=01;35:*.vob=01;35:*.qt=01;35:*.nuv=01;35:*.wmv=01;35:*.asf=01;35:*.rm=01;35:*.rmvb=01;35:*.flc=01;35:*.avi=01;35:*.fli=01;35:*.flv=01;35:*.gl=01;35:*.dl=01;35:*.xcf=01;35:*.xwd=01;35:*.yuv=01;35:*.cgm=01;35:*.emf=01;35:*.axv=01;35:*.anx=01;35:*.ogv=01;35:*.ogx=01;35:*.aac=00;36:*.au=00;36:*.flac=00;36:*.mid=00;36:*.midi=00;36:*.mka=00;36:*.mp3=00;36:*.mpc=00;36:*.ogg=00;36:*.ra=00;36:*.wav=00;36:*.axa=00;36:*.oga=00;36:*.spx=00;36:*.xspf=00;36:"
MAIL => "/var/mail/gklitt"
MY_RUBY_HOME => "/home/gklitt/.rvm/rubies/ruby-1.9.3-p194"
OLDPWD => "/home/gklitt"
PATH => "/home/gklitt/.rvm/gems/ruby-1.9.3-p194@geoffreylitt/bin:/home/gklitt/.rvm/gems/ruby-1.9.3-p194@global/bin:/home/gklitt/.rvm/rubies/ruby-1.9.3-p194/bin:/home/gklitt/.rvm/bin:/usr/local/sbin:/usr/local/bin:/usr/sbin:/usr/bin:/sbin:/bin:/usr/games"
PWD => "/shared/geoffreylitt"
RUBY_VERSION => "ruby-1.9.3-p194"
SHELL => "/bin/bash"
SHLVL => "2"
SSH_CLIENT => "192.168.56.1 62781 22"
SSH_CONNECTION => "192.168.56.1 62781 192.168.56.102 22"
SSH_TTY => "/dev/pts/0"
TERM => "screen"
TMUX => "/tmp//tmux-1000/default,1438,0"
TMUX_PANE => "%1"
USER => "gklitt"
_ => "/home/gklitt/.rvm/gems/ruby-1.9.3-p194@geoffreylitt/bin/nanoc"
__array_start => "0"
_byobu_sourced => "1"
_first => "0"
_second => "1"
escape_flag => "1"
rvm_bin_path => "/home/gklitt/.rvm/bin"
rvm_delete_flag => "0"
rvm_path => "/home/gklitt/.rvm"
rvm_prefix => "/home/gklitt"
rvm_ruby_string => "ruby-1.9.3-p194"
rvm_sticky_flag => "1"
rvm_version => "1.14.5 (stable)"

=== $LOAD_PATH:

  0. /home/gklitt/.rvm/gems/ruby-1.9.3-p194@geoffreylitt/gems/nanoc-3.4.0/lib
  1. /home/gklitt/.rvm/gems/ruby-1.9.3-p194@global/gems/rubygems-bundler-1.0.3/lib
  2. /home/gklitt/.rvm/gems/ruby-1.9.3-p194@global/gems/bundler-1.1.4/lib
  3. /home/gklitt/.rvm/gems/ruby-1.9.3-p194@geoffreylitt/gems/colored-1.2/lib
  4. /home/gklitt/.rvm/gems/ruby-1.9.3-p194@geoffreylitt/gems/cri-2.3.0/lib
  5. /home/gklitt/.rvm/gems/ruby-1.9.3-p194@geoffreylitt/gems/nanoc-3.4.0/lib
  6. /home/gklitt/.rvm/gems/ruby-1.9.3-p194@geoffreylitt/gems/fssm-0.2.9/lib
  7. /home/gklitt/.rvm/gems/ruby-1.9.3-p194@geoffreylitt/gems/sass-3.2.1/lib
  8. /home/gklitt/.rvm/rubies/ruby-1.9.3-p194/lib/ruby/site_ruby/1.9.1
  9. /home/gklitt/.rvm/rubies/ruby-1.9.3-p194/lib/ruby/site_ruby/1.9.1/i686-linux
  10. /home/gklitt/.rvm/rubies/ruby-1.9.3-p194/lib/ruby/site_ruby
  11. /home/gklitt/.rvm/rubies/ruby-1.9.3-p194/lib/ruby/vendor_ruby/1.9.1
  12. /home/gklitt/.rvm/rubies/ruby-1.9.3-p194/lib/ruby/vendor_ruby/1.9.1/i686-linux
  13. /home/gklitt/.rvm/rubies/ruby-1.9.3-p194/lib/ruby/vendor_ruby
  14. /home/gklitt/.rvm/rubies/ruby-1.9.3-p194/lib/ruby/1.9.1
  15. /home/gklitt/.rvm/rubies/ruby-1.9.3-p194/lib/ruby/1.9.1/i686-linux
